<?xml version="1.0" encoding="UTF-8"?>
<!-- Generated by org.testng.reporters.JUnitReportReporter -->
<testsuite hostname="Jazzs-MBP" name="android.connection" tests="1" failures="0" timestamp="17 Aug 2018 23:31:08 GMT" time="7.619" errors="0">
  <testcase name="setUp" time="7.619" classname="android.connection"/>
</testsuite> <!-- android.connection -->
